npm verbose cli C:\Program Files\nodejs\node.exe C:\Users\conde\AppData\Roaming\npm\node_modules\npm\bin\npm-cli.js
npm info using npm@10.8.1
npm info using node@v20.12.1
npm verbose title npm install
npm verbose argv "install" "--legacy-peer-deps" "--loglevel" "verbose"
npm verbose logfile logs-max:10 dir:C:\Users\conde\AppData\Local\npm-cache\_logs\2024-08-08T18_09_22_526Z-
npm verbose logfile C:\Users\conde\AppData\Local\npm-cache\_logs\2024-08-08T18_09_22_526Z-debug-0.log
npm http fetch GET 200 https://registry.npmjs.org/@faker-js%2ffaker 389ms (cache revalidated)
npm http fetch GET 200 https://registry.npmjs.org/cypress-mochawesome-reporter 8ms (cache hit)
npm http fetch GET 200 https://registry.npmjs.org/cypress-plugin-xhr-toggle 700ms (cache revalidated)
npm http fetch GET 200 https://registry.npmjs.org/browserstack-cypress-cli 709ms (cache revalidated)
npm http fetch GET 200 https://registry.npmjs.org/cypress 81ms (cache revalidated)
npm http fetch GET 200 https://registry.npmjs.org/archiver 97ms (cache revalidated)
npm http fetch GET 200 https://registry.npmjs.org/chalk 91ms (cache revalidated)
npm http fetch GET 200 https://registry.npmjs.org/async 193ms (cache revalidated)
npm http fetch GET 200 https://registry.npmjs.org/fs-extra 98ms (cache revalidated)
npm http fetch GET 200 https://registry.npmjs.org/cli-progress 108ms (cache revalidated)
npm http fetch GET 200 https://registry.npmjs.org/getmac 102ms (cache revalidated)
npm http fetch GET 200 https://registry.npmjs.org/git-repo-info 117ms (cache revalidated)
npm http fetch GET 200 https://registry.npmjs.org/gitconfiglocal 99ms (cache revalidated)
npm http fetch GET 200 https://registry.npmjs.org/glob 69ms (cache revalidated)
npm http fetch GET 200 https://registry.npmjs.org/browserstack-local 805ms (cache revalidated)
npm http fetch GET 200 https://registry.npmjs.org/mocha 103ms (cache revalidated)
npm http fetch GET 200 https://registry.npmjs.org/mkdirp 126ms (cache revalidated)
npm http fetch GET 200 https://registry.npmjs.org/git-last-commit 714ms (cache revalidated)
npm http fetch GET 200 https://registry.npmjs.org/request 85ms (cache revalidated)
npm http fetch GET 200 https://registry.npmjs.org/requestretry 100ms (cache revalidated)
npm http fetch GET 200 https://registry.npmjs.org/table 93ms (cache revalidated)
npm http fetch GET 200 https://registry.npmjs.org/uuid 93ms (cache revalidated)
npm http fetch GET 200 https://registry.npmjs.org/windows-release 91ms (cache revalidated)
npm http fetch GET 200 https://registry.npmjs.org/update-notifier 199ms (cache revalidated)
npm http fetch GET 200 https://registry.npmjs.org/winston 107ms (cache revalidated)
npm http fetch GET 200 https://registry.npmjs.org/yargs 109ms (cache revalidated)
npm http fetch GET 200 https://registry.npmjs.org/tmp 79ms (cache revalidated)
npm http fetch GET 200 https://registry.npmjs.org/decompress 97ms (cache revalidated)
npm http fetch GET 200 https://registry.npmjs.org/node-ipc 678ms (cache revalidated)
npm http fetch GET 200 https://registry.npmjs.org/arch 127ms (cache revalidated)
npm http fetch GET 200 https://registry.npmjs.org/debug 122ms (cache revalidated)
npm http fetch GET 200 https://registry.npmjs.org/dayjs 131ms (cache revalidated)
npm http fetch GET 200 https://registry.npmjs.org/execa 80ms (cache revalidated)
npm http fetch GET 200 https://registry.npmjs.org/getos 80ms (cache revalidated)
npm http fetch GET 200 https://registry.npmjs.org/is-ci 78ms (cache revalidated)
npm http fetch GET 200 https://registry.npmjs.org/yauzl 88ms (cache revalidated)
npm http fetch GET 200 https://registry.npmjs.org/buffer 88ms (cache revalidated)
npm http fetch GET 200 https://registry.npmjs.org/listr2 107ms (cache revalidated)
npm http fetch GET 200 https://registry.npmjs.org/ospath 104ms (cache revalidated)
npm http fetch GET 200 https://registry.npmjs.org/lodash 112ms (cache revalidated)
npm http fetch GET 200 https://registry.npmjs.org/semver 86ms (cache revalidated)
npm http fetch GET 200 https://registry.npmjs.org/process 115ms (cache revalidated)
npm http fetch GET 200 https://registry.npmjs.org/figures 202ms (cache revalidated)
npm http fetch GET 200 https://registry.npmjs.org/cachedir 83ms (cache revalidated)
npm http fetch GET 200 https://registry.npmjs.org/bluebird 196ms (cache revalidated)
npm http fetch GET 200 https://registry.npmjs.org/lazy-ass 94ms (cache revalidated)
npm http fetch GET 200 https://registry.npmjs.org/enquirer 110ms (cache revalidated)
npm http fetch GET 200 https://registry.npmjs.org/blob-util 138ms (cache revalidated)
npm http fetch GET 200 https://registry.npmjs.org/minimist 238ms (cache revalidated)
npm http fetch GET 200 https://registry.npmjs.org/commander 137ms (cache revalidated)
npm http fetch GET 200 https://registry.npmjs.org/cli-table3 167ms (cache revalidated)
npm http fetch GET 200 https://registry.npmjs.org/cli-cursor 183ms (cache revalidated)
npm http fetch GET 200 https://registry.npmjs.org/untildify 193ms (cache revalidated)
npm http fetch GET 200 https://registry.npmjs.org/executable 83ms (cache revalidated)
npm http fetch GET 200 https://registry.npmjs.org/common-tags 76ms (cache revalidated)
npm http fetch GET 200 https://registry.npmjs.org/pretty-bytes 92ms (cache revalidated)
npm http fetch GET 200 https://registry.npmjs.org/log-symbols 100ms (cache revalidated)
npm http fetch GET 200 https://registry.npmjs.org/@types%2fsizzle 97ms (cache revalidated)
npm http fetch GET 200 https://registry.npmjs.org/@cypress%2fxvfb 107ms (cache revalidated)
npm http fetch GET 200 https://registry.npmjs.org/proxy-from-env 97ms (cache revalidated)
npm http fetch GET 200 https://registry.npmjs.org/eventemitter2 110ms (cache revalidated)
npm http fetch GET 200 https://registry.npmjs.org/supports-color 95ms (cache revalidated)
npm http fetch GET 200 https://registry.npmjs.org/@cypress%2frequest 106ms (cache revalidated)
npm http fetch GET 200 https://registry.npmjs.org/check-more-types 100ms (cache revalidated)
npm http fetch GET 200 https://registry.npmjs.org/request-progress 90ms (cache revalidated)
npm http fetch GET 200 https://registry.npmjs.org/is-installed-globally 94ms (cache revalidated)
npm http fetch GET 200 https://registry.npmjs.org/extract-zip 790ms (cache revalidated)
npm http fetch GET 200 https://registry.npmjs.org/@types%2fsinonjs__fake-timers 200ms (cache revalidated)
npm http fetch GET 200 https://registry.npmjs.org/mochawesome 103ms (cache revalidated)
npm http fetch GET 200 https://registry.npmjs.org/mochawesome-report-generator 110ms (cache revalidated)
npm http fetch GET 200 https://registry.npmjs.org/mochawesome-merge 710ms (cache revalidated)
npm http fetch GET 200 https://registry.npmjs.org/buffer-crc32 158ms (cache revalidated)
npm http fetch GET 200 https://registry.npmjs.org/archiver-utils 166ms (cache revalidated)
npm http fetch GET 200 https://registry.npmjs.org/readable-stream 159ms (cache revalidated)
npm http fetch GET 200 https://registry.npmjs.org/zip-stream 76ms (cache revalidated)
npm http fetch GET 200 https://registry.npmjs.org/tar-stream 85ms (cache revalidated)
npm http fetch GET 200 https://registry.npmjs.org/readdir-glob 90ms (cache revalidated)
npm http fetch GET 200 https://registry.npmjs.org/ps-tree 95ms (cache revalidated)
npm http fetch GET 200 https://registry.npmjs.org/https-proxy-agent 110ms (cache revalidated)
npm http fetch GET 200 https://registry.npmjs.org/agent-base 152ms (cache revalidated)
npm http fetch GET 200 https://registry.npmjs.org/temp-fs 200ms (cache revalidated)
npm http fetch GET 200 https://registry.npmjs.org/ansi-styles 140ms (cache revalidated)
npm http fetch GET 200 https://registry.npmjs.org/string-width 101ms (cache revalidated)
npm http fetch GET 200 https://registry.npmjs.org/decompress-tarbz2 98ms (cache revalidated)
npm http fetch GET 200 https://registry.npmjs.org/decompress-targz 98ms (cache revalidated)
npm http fetch GET 200 https://registry.npmjs.org/decompress-unzip 107ms (cache revalidated)
npm http fetch GET 200 https://registry.npmjs.org/is-running 724ms (cache revalidated)
npm http fetch GET 200 https://registry.npmjs.org/graceful-fs 99ms (cache revalidated)
npm http fetch GET 200 https://registry.npmjs.org/decompress-tar 416ms (cache revalidated)
npm http fetch GET 200 https://registry.npmjs.org/make-dir 103ms (cache revalidated)
npm http fetch GET 200 https://registry.npmjs.org/strip-dirs 154ms (cache revalidated)
npm http fetch GET 200 https://registry.npmjs.org/pify 248ms (cache revalidated)
npm http fetch GET 200 https://registry.npmjs.org/jsonfile 247ms (cache revalidated)
npm http fetch GET 200 https://registry.npmjs.org/universalify 102ms (cache revalidated)
npm http fetch GET 200 https://registry.npmjs.org/once 176ms (cache revalidated)
npm http fetch GET 200 https://registry.npmjs.org/ini 199ms (cache revalidated)
npm http fetch GET 200 https://registry.npmjs.org/@types%2fnode 329ms (cache revalidated)
npm http fetch GET 200 https://registry.npmjs.org/minimatch 73ms (cache revalidated)
npm http fetch GET 200 https://registry.npmjs.org/inherits 790ms (cache revalidated)
npm http fetch GET 200 https://registry.npmjs.org/inflight 896ms (cache revalidated)
npm http fetch GET 200 https://registry.npmjs.org/path-is-absolute 86ms (cache revalidated)
npm http fetch GET 200 https://registry.npmjs.org/ansi-colors 85ms (cache revalidated)
npm http fetch GET 200 https://registry.npmjs.org/chokidar 118ms (cache revalidated)
npm http fetch GET 200 https://registry.npmjs.org/diff 180ms (cache revalidated)
npm http fetch GET 200 https://registry.npmjs.org/escape-string-regexp 138ms (cache revalidated)
npm http fetch GET 200 https://registry.npmjs.org/fs.realpath 692ms (cache revalidated)
npm http fetch GET 200 https://registry.npmjs.org/find-up 162ms (cache revalidated)
npm http fetch GET 200 https://registry.npmjs.org/he 106ms (cache revalidated)
npm http fetch GET 200 https://registry.npmjs.org/browser-stdout 713ms (cache revalidated)
npm http fetch GET 200 https://registry.npmjs.org/ms 96ms (cache revalidated)
npm http fetch GET 200 https://registry.npmjs.org/serialize-javascript 94ms (cache revalidated)
npm http fetch GET 200 https://registry.npmjs.org/js-yaml 107ms (cache revalidated)
npm http fetch GET 200 https://registry.npmjs.org/yargs 17ms (cache hit)
npm http fetch GET 200 https://registry.npmjs.org/strip-json-comments 99ms (cache revalidated)
npm http fetch GET 200 https://registry.npmjs.org/workerpool 97ms (cache revalidated)
npm http fetch GET 200 https://registry.npmjs.org/yargs-parser 68ms (cache revalidated)
npm http fetch GET 200 https://registry.npmjs.org/event-pubsub 93ms (cache revalidated)
npm http fetch GET 200 https://registry.npmjs.org/js-message 74ms (cache revalidated)
npm http fetch GET 200 https://registry.npmjs.org/aws-sign2 99ms (cache revalidated)
npm http fetch GET 200 https://registry.npmjs.org/aws4 110ms (cache revalidated)
npm http fetch GET 200 https://registry.npmjs.org/caseless 93ms (cache revalidated)
npm http fetch GET 200 https://registry.npmjs.org/combined-stream 102ms (cache revalidated)
npm http fetch GET 200 https://registry.npmjs.org/extend 105ms (cache revalidated)
npm http fetch GET 200 https://registry.npmjs.org/yargs-unparser 717ms (cache revalidated)
npm http fetch GET 200 https://registry.npmjs.org/forever-agent 97ms (cache revalidated)
npm http fetch GET 200 https://registry.npmjs.org/js-queue 724ms (cache revalidated)
npm http fetch GET 200 https://registry.npmjs.org/form-data 105ms (cache revalidated)
npm http fetch GET 200 https://registry.npmjs.org/har-validator 105ms (cache revalidated)
npm http fetch GET 200 https://registry.npmjs.org/isstream 90ms (cache revalidated)
npm http fetch GET 200 https://registry.npmjs.org/http-signature 99ms (cache revalidated)
npm http fetch GET 200 https://registry.npmjs.org/is-typedarray 98ms (cache revalidated)
npm http fetch GET 200 https://registry.npmjs.org/json-stringify-safe 119ms (cache revalidated)
npm http fetch GET 200 https://registry.npmjs.org/mime-types 122ms (cache revalidated)
npm http fetch GET 200 https://registry.npmjs.org/oauth-sign 124ms (cache revalidated)
npm http fetch GET 200 https://registry.npmjs.org/safe-buffer 102ms (cache revalidated)
npm http fetch GET 200 https://registry.npmjs.org/performance-now 116ms (cache revalidated)
npm http fetch GET 200 https://registry.npmjs.org/tough-cookie 82ms (cache revalidated)
npm http fetch GET 200 https://registry.npmjs.org/qs 197ms (cache revalidated)
npm http fetch GET 200 https://registry.npmjs.org/tunnel-agent 169ms (cache revalidated)
npm http fetch GET 200 https://registry.npmjs.org/slice-ansi 85ms (cache revalidated)
npm http fetch GET 200 https://registry.npmjs.org/ajv 104ms (cache revalidated)
npm http fetch GET 200 https://registry.npmjs.org/pupa 217ms (cache revalidated)
npm http fetch GET 200 https://registry.npmjs.org/is-npm 174ms (cache revalidated)
npm http fetch GET 200 https://registry.npmjs.org/boxen 227ms (cache revalidated)
npm http fetch GET 200 https://registry.npmjs.org/import-lazy 75ms (cache revalidated)
npm http fetch GET 200 https://registry.npmjs.org/configstore 184ms (cache revalidated)
npm http fetch GET 200 https://registry.npmjs.org/semver-diff 109ms (cache revalidated)
npm http fetch GET 200 https://registry.npmjs.org/is-in-ci 205ms (cache revalidated)
npm http fetch GET 200 https://registry.npmjs.org/latest-version 86ms (cache revalidated)
npm http fetch GET 200 https://registry.npmjs.org/eyes 89ms (cache revalidated)
npm http fetch GET 200 https://registry.npmjs.org/xdg-basedir 110ms (cache revalidated)
npm http fetch GET 200 https://registry.npmjs.org/colors 109ms (cache revalidated)
npm http fetch GET 200 https://registry.npmjs.org/cycle 134ms (cache revalidated)
npm http fetch GET 200 https://registry.npmjs.org/stack-trace 127ms (cache revalidated)
npm http fetch GET 200 https://registry.npmjs.org/decamelize 167ms (cache revalidated)
npm http fetch GET 200 https://registry.npmjs.org/y18n 187ms (cache revalidated)
npm http fetch GET 200 https://registry.npmjs.org/cliui 181ms (cache revalidated)
npm http fetch GET 200 https://registry.npmjs.org/get-caller-file 173ms (cache revalidated)
npm http fetch GET 200 https://registry.npmjs.org/set-blocking 198ms (cache revalidated)
npm http fetch GET 200 https://registry.npmjs.org/which-module 193ms (cache revalidated)
npm http fetch GET 200 https://registry.npmjs.org/require-main-filename 106ms (cache revalidated)
npm http fetch GET 200 https://registry.npmjs.org/require-directory 110ms (cache revalidated)
npm http fetch GET 200 https://registry.npmjs.org/lodash.defaults 140ms (cache revalidated)
npm http fetch GET 200 https://registry.npmjs.org/lodash.difference 147ms (cache revalidated)
npm http fetch GET 200 https://registry.npmjs.org/lazystream 153ms (cache revalidated)
npm http fetch GET 200 https://registry.npmjs.org/lodash.flatten 163ms (cache revalidated)
npm http fetch GET 200 https://registry.npmjs.org/lodash.isplainobject 161ms (cache revalidated)
npm http fetch GET 200 https://registry.npmjs.org/lodash.union 161ms (cache revalidated)
npm http fetch GET 200 https://registry.npmjs.org/util-deprecate 195ms (cache revalidated)
npm http fetch GET 200 https://registry.npmjs.org/string_decoder 202ms (cache revalidated)
npm http fetch GET 200 https://registry.npmjs.org/normalize-path 211ms (cache revalidated)
npm http fetch GET 200 https://registry.npmjs.org/fs-constants 96ms (cache revalidated)
npm http fetch GET 200 https://registry.npmjs.org/end-of-stream 104ms (cache revalidated)
npm http fetch GET 200 https://registry.npmjs.org/bl 110ms (cache revalidated)
npm http fetch GET 200 https://registry.npmjs.org/compress-commons 93ms (cache revalidated)
npm http fetch GET 200 https://registry.npmjs.org/process-nextick-args 170ms (cache revalidated)
npm http fetch GET 200 https://registry.npmjs.org/isarray 174ms (cache revalidated)
npm http fetch GET 200 https://registry.npmjs.org/core-util-is 178ms (cache revalidated)
npm http fetch GET 200 https://registry.npmjs.org/rimraf 105ms (cache revalidated)
npm http fetch GET 200 https://registry.npmjs.org/event-stream 202ms (cache revalidated)
npm http fetch GET 200 https://registry.npmjs.org/has-flag 84ms (cache revalidated)
npm http fetch GET 200 https://registry.npmjs.org/color-convert 94ms (cache revalidated)
npm http fetch GET 200 https://registry.npmjs.org/color-name 117ms (cache revalidated)
npm http fetch GET 200 https://registry.npmjs.org/emoji-regex 82ms (cache revalidated)
npm http fetch GET 200 https://registry.npmjs.org/is-fullwidth-code-point 84ms (cache revalidated)
npm http fetch GET 200 https://registry.npmjs.org/strip-ansi 88ms (cache revalidated)
npm http fetch GET 200 https://registry.npmjs.org/lodash.once 117ms (cache revalidated)
npm http fetch GET 200 https://registry.npmjs.org/base64-js 122ms (cache revalidated)
npm http fetch GET 200 https://registry.npmjs.org/restore-cursor 86ms (cache revalidated)
npm http fetch GET 200 https://registry.npmjs.org/ieee754 215ms (cache revalidated)
npm http fetch GET 200 https://registry.npmjs.org/@colors%2fcolors 99ms (cache revalidated)
npm http fetch GET 200 https://registry.npmjs.org/is-stream 80ms (cache revalidated)
npm http fetch GET 200 https://registry.npmjs.org/get-stream 78ms (cache revalidated)
npm http fetch GET 200 https://registry.npmjs.org/onetime 96ms (cache revalidated)
npm http fetch GET 200 https://registry.npmjs.org/cross-spawn 124ms (cache revalidated)
npm http fetch GET 200 https://registry.npmjs.org/merge-stream 118ms (cache revalidated)
npm http fetch GET 200 https://registry.npmjs.org/signal-exit 126ms (cache revalidated)
npm http fetch GET 200 https://registry.npmjs.org/npm-run-path 69ms (cache revalidated)
npm http fetch GET 200 https://registry.npmjs.org/human-signals 77ms (cache revalidated)
npm http fetch GET 200 https://registry.npmjs.org/at-least-node 111ms (cache revalidated)
npm http fetch GET 200 https://registry.npmjs.org/@types%2fyauzl 123ms (cache revalidated)
npm http fetch GET 200 https://registry.npmjs.org/global-dirs 119ms (cache revalidated)
npm http fetch GET 200 https://registry.npmjs.org/ci-info 124ms (cache revalidated)
npm http fetch GET 200 https://registry.npmjs.org/is-path-inside 59ms (cache revalidated)
npm http fetch GET 200 https://registry.npmjs.org/rfdc 58ms (cache revalidated)
npm http fetch GET 200 https://registry.npmjs.org/p-map 87ms (cache revalidated)
npm http fetch GET 200 https://registry.npmjs.org/rxjs 96ms (cache revalidated)
npm http fetch GET 200 https://registry.npmjs.org/through 98ms (cache revalidated)
npm http fetch GET 200 https://registry.npmjs.org/colorette 103ms (cache revalidated)
npm http fetch GET 200 https://registry.npmjs.org/log-update 195ms (cache revalidated)
npm http fetch GET 200 https://registry.npmjs.org/strip-final-newline 788ms (cache revalidated)
npm http fetch GET 200 https://registry.npmjs.org/cli-truncate 111ms (cache revalidated)
npm http fetch GET 200 https://registry.npmjs.org/is-unicode-supported 114ms (cache revalidated)
npm http fetch GET 200 https://registry.npmjs.org/fd-slicer 120ms (cache revalidated)
npm http fetch GET 200 https://registry.npmjs.org/throttleit 126ms (cache revalidated)
npm http fetch GET 200 https://registry.npmjs.org/wrap-ansi 457ms (cache revalidated)
npm http fetch GET 200 https://registry.npmjs.org/assert-plus 135ms (cache revalidated)
npm http fetch GET 200 https://registry.npmjs.org/asynckit 138ms (cache revalidated)
npm http fetch GET 200 https://registry.npmjs.org/delayed-stream 143ms (cache revalidated)
npm http fetch GET 200 https://registry.npmjs.org/jsprim 117ms (cache revalidated)
npm http fetch GET 200 https://registry.npmjs.org/sshpk 117ms (cache revalidated)
npm http fetch GET 200 https://registry.npmjs.org/mime-db 116ms (cache revalidated)
npm http fetch GET 200 https://registry.npmjs.org/punycode 79ms (cache revalidated)
npm http fetch GET 200 https://registry.npmjs.org/side-channel 91ms (cache revalidated)
npm http fetch GET 200 https://registry.npmjs.org/psl 90ms (cache revalidated)
npm http fetch GET 200 https://registry.npmjs.org/url-parse 99ms (cache revalidated)
npm http fetch GET 200 https://registry.npmjs.org/lodash.isempty 82ms (cache revalidated)
npm http fetch GET 200 https://registry.npmjs.org/lodash.isfunction 84ms (cache revalidated)
npm http fetch GET 200 https://registry.npmjs.org/lodash.isobject 86ms (cache revalidated)
npm http fetch GET 200 https://registry.npmjs.org/yargs 14ms (cache hit)
npm http fetch GET 200 https://registry.npmjs.org/lodash.isstring 104ms (cache revalidated)
npm http fetch GET 200 https://registry.npmjs.org/escape-html 78ms (cache revalidated)
npm http fetch GET 200 https://registry.npmjs.org/dateformat 105ms (cache revalidated)
npm http fetch GET 200 https://registry.npmjs.org/prop-types 84ms (cache revalidated)
npm http fetch GET 200 https://registry.npmjs.org/opener 91ms (cache revalidated)
npm http fetch GET 200 https://registry.npmjs.org/tcomb 289ms (cache revalidated)
npm http fetch GET 200 https://registry.npmjs.org/validator 104ms (cache revalidated)
npm http fetch GET 200 https://registry.npmjs.org/yargs 10ms (cache hit)
npm http fetch GET 200 https://registry.npmjs.org/fsu 695ms (cache revalidated)
npm http fetch GET 200 https://registry.npmjs.org/tcomb-validation 615ms (cache revalidated)
npm http fetch GET 200 https://registry.npmjs.org/seek-bzip 86ms (cache revalidated)
npm http fetch GET 200 https://registry.npmjs.org/file-type 95ms (cache revalidated)
npm http fetch GET 200 https://registry.npmjs.org/file-type 103ms (cache revalidated)
npm http fetch GET 200 https://registry.npmjs.org/unbzip2-stream 74ms (cache revalidated)
npm http fetch GET 200 https://registry.npmjs.org/is-natural-number 82ms (cache revalidated)
npm http fetch GET 200 https://registry.npmjs.org/to-buffer 74ms (cache revalidated)
npm http fetch GET 200 https://registry.npmjs.org/buffer-alloc 82ms (cache revalidated)
npm http fetch GET 200 https://registry.npmjs.org/xtend 85ms (cache revalidated)
npm http fetch GET 200 https://registry.npmjs.org/object-assign 65ms (cache revalidated)
npm http fetch GET 200 https://registry.npmjs.org/pinkie-promise 65ms (cache revalidated)
npm http fetch GET 200 https://registry.npmjs.org/ansi-regex 99ms (cache revalidated)
npm http fetch GET 200 https://registry.npmjs.org/shebang-command 119ms (cache revalidated)
npm http fetch GET 200 https://registry.npmjs.org/path-key 123ms (cache revalidated)
npm http fetch GET 200 https://registry.npmjs.org/which 123ms (cache revalidated)
npm http fetch GET 200 https://registry.npmjs.org/mimic-fn 66ms (cache revalidated)
npm http fetch GET 200 https://registry.npmjs.org/pump 71ms (cache revalidated)
npm http fetch GET 200 https://registry.npmjs.org/isexe 87ms (cache revalidated)
npm http fetch GET 200 https://registry.npmjs.org/shebang-regex 89ms (cache revalidated)
npm http fetch GET 200 https://registry.npmjs.org/@types%2fnode 28ms (cache hit)
npm http fetch GET 200 https://registry.npmjs.org/undici-types 73ms (cache revalidated)
npm http fetch GET 200 https://registry.npmjs.org/pinkie 80ms (cache revalidated)
npm http fetch GET 200 https://registry.npmjs.org/wrappy 63ms (cache revalidated)
npm http fetch GET 200 https://registry.npmjs.org/wrappy 68ms (cache revalidated)
npm http fetch GET 200 https://registry.npmjs.org/brace-expansion 71ms (cache revalidated)
npm http fetch GET 200 https://registry.npmjs.org/verror 89ms (cache revalidated)
npm http fetch GET 200 https://registry.npmjs.org/json-schema 92ms (cache revalidated)
npm http fetch GET 200 https://registry.npmjs.org/extsprintf 94ms (cache revalidated)
npm http fetch GET 200 https://registry.npmjs.org/dashdash 113ms (cache revalidated)
npm http fetch GET 200 https://registry.npmjs.org/getpass 116ms (cache revalidated)
npm http fetch GET 200 https://registry.npmjs.org/asn1 120ms (cache revalidated)
npm http fetch GET 200 https://registry.npmjs.org/tweetnacl 83ms (cache revalidated)
npm http fetch GET 200 https://registry.npmjs.org/jsbn 88ms (cache revalidated)
npm http fetch GET 200 https://registry.npmjs.org/safer-buffer 91ms (cache revalidated)
npm http fetch GET 200 https://registry.npmjs.org/ecc-jsbn 119ms (cache revalidated)
npm http fetch GET 200 https://registry.npmjs.org/bcrypt-pbkdf 213ms (cache revalidated)
npm http fetch GET 200 https://registry.npmjs.org/aggregate-error 49ms (cache revalidated)
npm http fetch GET 200 https://registry.npmjs.org/ansi-escapes 166ms (cache revalidated)
npm http fetch GET 200 https://registry.npmjs.org/tslib 167ms (cache revalidated)
npm http fetch GET 200 https://registry.npmjs.org/astral-regex 74ms (cache revalidated)
npm http fetch GET 200 https://registry.npmjs.org/type-fest 93ms (cache revalidated)
npm http fetch GET 200 https://registry.npmjs.org/concat-map 87ms (cache revalidated)
npm http fetch GET 200 https://registry.npmjs.org/balanced-match 88ms (cache revalidated)
npm http fetch GET 200 https://registry.npmjs.org/glob-parent 188ms (cache revalidated)
npm http fetch GET 200 https://registry.npmjs.org/anymatch 195ms (cache revalidated)
npm http fetch GET 200 https://registry.npmjs.org/braces 200ms (cache revalidated)
npm http fetch GET 200 https://registry.npmjs.org/is-binary-path 84ms (cache revalidated)
npm http fetch GET 200 https://registry.npmjs.org/readdirp 74ms (cache revalidated)
npm http fetch GET 200 https://registry.npmjs.org/is-glob 85ms (cache revalidated)
npm http fetch GET 200 https://registry.npmjs.org/path-exists 159ms (cache revalidated)
npm http fetch GET 200 https://registry.npmjs.org/locate-path 166ms (cache revalidated)
npm http fetch GET 200 https://registry.npmjs.org/fsevents 171ms (cache revalidated)
npm http fetch GET 200 https://registry.npmjs.org/argparse 70ms (cache revalidated)
npm http fetch GET 200 https://registry.npmjs.org/randombytes 148ms (cache revalidated)
npm http fetch GET 200 https://registry.npmjs.org/camelcase 80ms (cache revalidated)
npm http fetch GET 200 https://registry.npmjs.org/escalade 149ms (cache revalidated)
npm http fetch GET 200 https://registry.npmjs.org/flat 87ms (cache revalidated)
npm http fetch GET 200 https://registry.npmjs.org/is-plain-obj 709ms (cache revalidated)
npm http fetch GET 200 https://registry.npmjs.org/picomatch 75ms (cache revalidated)
npm http fetch GET 200 https://registry.npmjs.org/fill-range 84ms (cache revalidated)
npm http fetch GET 200 https://registry.npmjs.org/is-extglob 118ms (cache revalidated)
npm http fetch GET 200 https://registry.npmjs.org/binary-extensions 195ms (cache revalidated)
npm http fetch GET 200 https://registry.npmjs.org/to-regex-range 82ms (cache revalidated)
npm http fetch GET 200 https://registry.npmjs.org/is-number 97ms (cache revalidated)
npm http fetch GET 200 https://registry.npmjs.org/p-locate 101ms (cache revalidated)
npm http fetch GET 200 https://registry.npmjs.org/p-limit 196ms (cache revalidated)
npm http fetch GET 200 https://registry.npmjs.org/loose-envify 74ms (cache revalidated)
npm http fetch GET 200 https://registry.npmjs.org/react-is 83ms (cache revalidated)
npm http fetch GET 200 https://registry.npmjs.org/easy-stack 105ms (cache revalidated)
npm http fetch GET 200 https://registry.npmjs.org/yocto-queue 66ms (cache revalidated)
npm http fetch GET 200 https://registry.npmjs.org/clean-stack 83ms (cache revalidated)
npm http fetch GET 200 https://registry.npmjs.org/indent-string 85ms (cache revalidated)
npm http fetch GET 200 https://registry.npmjs.org/js-tokens 90ms (cache revalidated)
npm http fetch GET 200 https://registry.npmjs.org/duplexer 87ms (cache revalidated)
npm http fetch GET 200 https://registry.npmjs.org/map-stream 89ms (cache revalidated)
npm http fetch GET 200 https://registry.npmjs.org/from 92ms (cache revalidated)
npm http fetch GET 200 https://registry.npmjs.org/stream-combiner 103ms (cache revalidated)
npm http fetch GET 200 https://registry.npmjs.org/split 108ms (cache revalidated)
npm http fetch GET 200 https://registry.npmjs.org/pause-stream 111ms (cache revalidated)
npm http fetch GET 200 https://registry.npmjs.org/call-bind 81ms (cache revalidated)
npm http fetch GET 200 https://registry.npmjs.org/es-errors 83ms (cache revalidated)
npm http fetch GET 200 https://registry.npmjs.org/get-intrinsic 83ms (cache revalidated)
npm http fetch GET 200 https://registry.npmjs.org/object-inspect 106ms (cache revalidated)
npm http fetch GET 200 https://registry.npmjs.org/ajv 18ms (cache hit)
npm http fetch GET 200 https://registry.npmjs.org/har-schema 75ms (cache revalidated)
npm http fetch GET 200 https://registry.npmjs.org/uri-js 112ms (cache revalidated)
npm http fetch GET 200 https://registry.npmjs.org/fast-deep-equal 114ms (cache revalidated)
npm http fetch GET 200 https://registry.npmjs.org/json-schema-traverse 114ms (cache revalidated)
npm http fetch GET 200 https://registry.npmjs.org/fast-json-stable-stringify 90ms (cache revalidated)
npm http fetch GET 200 https://registry.npmjs.org/es-define-property 71ms (cache revalidated)
npm http fetch GET 200 https://registry.npmjs.org/function-bind 71ms (cache revalidated)
npm http fetch GET 200 https://registry.npmjs.org/set-function-length 75ms (cache revalidated)
npm http fetch GET 200 https://registry.npmjs.org/function-bind 10ms (cache hit)
npm http fetch GET 200 https://registry.npmjs.org/has-proto 111ms (cache revalidated)
npm http fetch GET 200 https://registry.npmjs.org/has-symbols 109ms (cache revalidated)
npm http fetch GET 200 https://registry.npmjs.org/hasown 105ms (cache revalidated)
npm http fetch GET 200 https://registry.npmjs.org/define-data-property 92ms (cache revalidated)
npm http fetch GET 200 https://registry.npmjs.org/gopd 92ms (cache revalidated)
npm http fetch GET 200 https://registry.npmjs.org/has-property-descriptors 115ms (cache revalidated)
npm http fetch GET 200 https://registry.npmjs.org/querystringify 90ms (cache revalidated)
npm http fetch GET 200 https://registry.npmjs.org/requires-port 205ms (cache revalidated)
npm http fetch GET 200 https://registry.npmjs.org/cli-boxes 70ms (cache revalidated)
npm http fetch GET 200 https://registry.npmjs.org/widest-line 69ms (cache revalidated)
npm http fetch GET 200 https://registry.npmjs.org/ansi-align 72ms (cache revalidated)
npm http fetch GET 200 https://registry.npmjs.org/dot-prop 129ms (cache revalidated)
npm http fetch GET 200 https://registry.npmjs.org/write-file-atomic 128ms (cache revalidated)
npm http fetch GET 200 https://registry.npmjs.org/unique-string 131ms (cache revalidated)
npm http fetch GET 200 https://registry.npmjs.org/escape-goat 67ms (cache revalidated)
npm http fetch GET 200 https://registry.npmjs.org/package-json 78ms (cache revalidated)
npm http fetch GET 200 https://registry.npmjs.org/eastasianwidth 79ms (cache revalidated)
npm http fetch GET 200 https://registry.npmjs.org/imurmurhash 99ms (cache revalidated)
npm http fetch GET 200 https://registry.npmjs.org/is-obj 102ms (cache revalidated)
npm http fetch GET 200 https://registry.npmjs.org/crypto-random-string 103ms (cache revalidated)
npm http fetch GET 200 https://registry.npmjs.org/typedarray-to-buffer 203ms (cache revalidated)
npm http fetch GET 200 https://registry.npmjs.org/registry-url 99ms (cache revalidated)
npm http fetch GET 200 https://registry.npmjs.org/registry-auth-token 101ms (cache revalidated)
npm http fetch GET 200 https://registry.npmjs.org/got 202ms (cache revalidated)
npm http fetch GET 200 https://registry.npmjs.org/p-cancelable 95ms (cache revalidated)
npm http fetch GET 200 https://registry.npmjs.org/responselike 97ms (cache revalidated)
npm http fetch GET 200 https://registry.npmjs.org/http2-wrapper 98ms (cache revalidated)
npm http fetch GET 200 https://registry.npmjs.org/lowercase-keys 95ms (cache revalidated)
npm http fetch GET 200 https://registry.npmjs.org/cacheable-lookup 91ms (cache revalidated)
npm http fetch GET 200 https://registry.npmjs.org/@sindresorhus%2fis 198ms (cache revalidated)
npm http fetch GET 200 https://registry.npmjs.org/form-data-encoder 107ms (cache revalidated)
npm http fetch GET 200 https://registry.npmjs.org/cacheable-request 112ms (cache revalidated)
npm http fetch GET 200 https://registry.npmjs.org/decompress-response 98ms (cache revalidated)
npm http fetch GET 200 https://registry.npmjs.org/@pnpm%2fnpm-conf 120ms (cache revalidated)
npm http fetch GET 200 https://registry.npmjs.org/rc 97ms (cache revalidated)
npm http fetch GET 200 https://registry.npmjs.org/@szmarczak%2fhttp-timer 196ms (cache revalidated)
npm http fetch GET 200 https://registry.npmjs.org/@types%2fhttp-cache-semantics 88ms (cache revalidated)
npm http fetch GET 200 https://registry.npmjs.org/defer-to-connect 90ms (cache revalidated)
npm http fetch GET 200 https://registry.npmjs.org/http-cache-semantics 90ms (cache revalidated)
npm http fetch GET 200 https://registry.npmjs.org/mimic-response 101ms (cache revalidated)
npm http fetch GET 200 https://registry.npmjs.org/normalize-url 102ms (cache revalidated)
npm http fetch GET 200 https://registry.npmjs.org/keyv 109ms (cache revalidated)
npm http fetch GET 200 https://registry.npmjs.org/resolve-alpn 95ms (cache revalidated)
npm http fetch GET 200 https://registry.npmjs.org/quick-lru 101ms (cache revalidated)
npm http fetch GET 200 https://registry.npmjs.org/json-buffer 81ms (cache revalidated)
npm http fetch GET 200 https://registry.npmjs.org/config-chain 94ms (cache revalidated)
npm http fetch GET 200 https://registry.npmjs.org/@pnpm%2fconfig.env-replace 226ms (cache revalidated)
npm http fetch GET 200 https://registry.npmjs.org/@pnpm%2fnetwork.ca-file 227ms (cache revalidated)
npm http fetch GET 200 https://registry.npmjs.org/proto-list 70ms (cache revalidated)
npm http fetch GET 200 https://registry.npmjs.org/deep-extend 91ms (cache revalidated)
npm http fetch GET 200 https://registry.npmjs.org/pend 96ms (cache revalidated)
npm http fetch GET 200 https://registry.npmjs.org/crc32-stream 87ms (cache revalidated)
npm http fetch GET 200 https://registry.npmjs.org/crc-32 100ms (cache revalidated)
npm http fetch GET 200 https://registry.npmjs.org/buffer-alloc-unsafe 165ms (cache revalidated)
npm http fetch GET 200 https://registry.npmjs.org/buffer-fill 167ms (cache revalidated)
npm http fetch GET 200 https://registry.npmjs.org/p-try 144ms (cache revalidated)
npm verbose reify failed optional dependency D:\Documentos\pgats_conclusao_automacaoweb\tmpBstackPackages\node_modules\fsevents
npm http fetch POST 200 https://registry.npmjs.org/-/npm/v1/security/advisories/bulk 1054ms
npm warn deprecated inflight@1.0.6: This module is not supported, and leaks memory. Do not use it. Check out lru-cache if you want a good and tested way to coalesce async requests by a key value, which is much more comprehensive and powerful.
npm warn deprecated rimraf@2.5.4: Rimraf versions prior to v4 are no longer supported
npm warn deprecated har-validator@5.1.5: this library is no longer supported
npm http fetch GET 200 https://registry.npmjs.org/request 2691ms (cache revalidated)
npm http fetch GET 200 https://registry.npmjs.org/tough-cookie 2699ms (cache revalidated)
npm warn deprecated glob@8.1.0: Glob versions prior to v9 are no longer supported
npm warn deprecated glob@7.2.3: Glob versions prior to v9 are no longer supported
npm http fetch GET 200 https://registry.npmjs.org/browserstack-cypress-cli 819ms (cache revalidated)
npm warn deprecated uuid@3.4.0: Please upgrade  to version 7 or higher.  Older versions may use Math.random() in certain circumstances, which is known to be problematic.  See https://v8.dev/blog/math-random for details.
npm warn deprecated request@2.88.2: request has been deprecated, see https://github.com/request/request/issues/3142
npm info run cypress@13.13.2 postinstall node_modules/cypress node index.js --exec install
npm info run cypress@13.13.2 postinstall { code: 0, signal: null }

added 502 packages, and audited 503 packages in 51s

96 packages are looking for funding
  run `npm fund` for details

3 moderate severity vulnerabilities

To address all issues (including breaking changes), run:
  npm audit fix --force

Run `npm audit` for details.
npm verbose cwd D:\Documentos\pgats_conclusao_automacaoweb\tmpBstackPackages
npm verbose os Windows_NT 10.0.22631
npm verbose node v20.12.1
npm verbose npm  v10.8.1
npm verbose exit 0
npm info ok
